1491945404699	geckodriver	INFO	Listening on 127.0.0.1:38699
1491945405667	mozprofile::profile	INFO	Using profile path /tmp/rust_mozprofile.nOHqaj6046r3
1491945405672	geckodriver::marionette	INFO	Starting browser /usr/bin/firefox
1491945405687	geckodriver::marionette	INFO	Connecting to Marionette on localhost:33488
1491945407068	Marionette	INFO	Listening on port 33488
1491945458510	geckodriver	INFO	Listening on 127.0.0.1:40067
1491945459510	mozprofile::profile	INFO	Using profile path /tmp/rust_mozprofile.ReWv1EYMRqpV
1491945459512	geckodriver::marionette	INFO	Starting browser /usr/bin/firefox
1491945459517	geckodriver::marionette	INFO	Connecting to Marionette on localhost:35967
1491945460508	Marionette	INFO	Listening on port 35967
1491946126589	geckodriver	INFO	Listening on 127.0.0.1:37715
1491946127597	mozprofile::profile	INFO	Using profile path /tmp/rust_mozprofile.BTNxk4BHWzjp
1491946127597	geckodriver::marionette	INFO	Starting browser /usr/bin/firefox
1491946127609	geckodriver::marionette	INFO	Connecting to Marionette on localhost:39888
1491946128957	Marionette	INFO	Listening on port 39888
JavaScript warning: https://www.paypalobjects.com/gajs/analytics.js, line 29: unreachable code after return statement
JavaScript warning: https://www.paypalobjects.com/gajs/analytics.js, line 29: unreachable code after return statement
JavaScript warning: https://www.paypalobjects.com/gajs/analytics.js, line 29: unreachable code after return statement
1491946205763	geckodriver	INFO	Listening on 127.0.0.1:53040
1491946206751	mozprofile::profile	INFO	Using profile path /tmp/rust_mozprofile.fS3XPU7Uy4bI
1491946206752	geckodriver::marionette	INFO	Starting browser /usr/bin/firefox
1491946206763	geckodriver::marionette	INFO	Connecting to Marionette on localhost:45204
1491946209340	Marionette	INFO	Listening on port 45204
JavaScript warning: https://www.paypalobjects.com/gajs/analytics.js, line 29: unreachable code after return statement
JavaScript warning: https://www.paypalobjects.com/gajs/analytics.js, line 29: unreachable code after return statement
JavaScript warning: https://www.paypalobjects.com/gajs/analytics.js, line 29: unreachable code after return statement
1491946311061	geckodriver	INFO	Listening on 127.0.0.1:36771
1491946312060	mozprofile::profile	INFO	Using profile path /tmp/rust_mozprofile.ASW7TrW3C0m5
1491946312062	geckodriver::marionette	INFO	Starting browser /usr/bin/firefox
1491946312066	geckodriver::marionette	INFO	Connecting to Marionette on localhost:39865
1491946313202	Marionette	INFO	Listening on port 39865
JavaScript warning: https://www.paypalobjects.com/gajs/analytics.js, line 29: unreachable code after return statement
JavaScript warning: https://www.paypalobjects.com/gajs/analytics.js, line 29: unreachable code after return statement
1491946328061	geckodriver	INFO	Listening on 127.0.0.1:49754
1491946329064	mozprofile::profile	INFO	Using profile path /tmp/rust_mozprofile.RPahJuViSEr6
1491946329066	geckodriver::marionette	INFO	Starting browser /usr/bin/firefox
1491946329070	geckodriver::marionette	INFO	Connecting to Marionette on localhost:44245
1491946329927	Marionette	INFO	Listening on port 44245
JavaScript warning: https://www.paypalobjects.com/gajs/analytics.js, line 29: unreachable code after return statement
JavaScript warning: https://www.paypalobjects.com/gajs/analytics.js, line 29: unreachable code after return statement
JavaScript warning: https://www.paypalobjects.com/gajs/analytics.js, line 29: unreachable code after return statement
